<?xml version="1.0" encoding="UTF-8"?>
<!-- Generated by org.testng.reporters.JUnitXMLReporter -->
<testsuite ignored="0" hostname="LAPTOP-NHIRK0VI" failures="0" tests="3" name="Test" time="20.148" errors="0" timestamp="2023-07-25T16:29:45 IST">
  <testcase classname="com.qa.testcases.HomePageTest" name="launchFloc" time="5.269"/>
  <testcase classname="com.qa.testcases.HomePageTest" name="menuTest" time="9.962"/>
  <testcase classname="com.qa.testcases.HomePageTest" name="downloadAppTest" time="3.814"/>
</testsuite> <!-- Test -->
