<?xml version="1.0" encoding="UTF-8"?>
<testng-results ignored="0" total="5" passed="5" failed="0" skipped="0">
  <reporter-output>
  </reporter-output>
  <suite started-at="2023-07-25T22:09:04 IST" name="Functionality Test" finished-at="2023-07-25T22:09:33 IST" duration-ms="29233">
    <groups>
    </groups>
    <test started-at="2023-07-25T22:09:04 IST" name="Home Page Test" finished-at="2023-07-25T22:09:33 IST" duration-ms="29233">
      <class name="com.qa.testcases.HomePageTest">
        <test-method is-config="true" signature="setUp()[pri:0, instance:com.qa.testcases.HomePageTest@30ee2816]" started-at="2023-07-25T22:09:04 IST" name="setUp" finished-at="2023-07-25T22:09:05 IST" duration-ms="1394" status="PASS">
          <reporter-output>
          </reporter-output>
        </test-method> <!-- setUp -->
        <test-method signature="launchFloc()[pri:1, instance:com.qa.testcases.HomePageTest@30ee2816]" started-at="2023-07-25T22:09:05 IST" name="launchFloc" finished-at="2023-07-25T22:09:10 IST" duration-ms="4537" status="PASS">
          <reporter-output>
          </reporter-output>
        </test-method> <!-- launchFloc -->
        <test-method signature="menuTest()[pri:2, instance:com.qa.testcases.HomePageTest@30ee2816]" started-at="2023-07-25T22:09:10 IST" name="menuTest" finished-at="2023-07-25T22:09:18 IST" duration-ms="8033" status="PASS">
          <reporter-output>
          </reporter-output>
        </test-method> <!-- menuTest -->
        <test-method signature="downloadAppTest()[pri:3, instance:com.qa.testcases.HomePageTest@30ee2816]" started-at="2023-07-25T22:09:18 IST" name="downloadAppTest" finished-at="2023-07-25T22:09:22 IST" duration-ms="3968" status="PASS">
          <reporter-output>
          </reporter-output>
        </test-method> <!-- downloadAppTest -->
        <test-method is-config="true" signature="tearDown()[pri:0, instance:com.qa.testcases.HomePageTest@30ee2816]" started-at="2023-07-25T22:09:22 IST" name="tearDown" finished-at="2023-07-25T22:09:22 IST" duration-ms="218" status="PASS">
          <reporter-output>
          </reporter-output>
        </test-method> <!-- tearDown -->
      </class> <!-- com.qa.testcases.HomePageTest -->
      <class name="com.qa.testcases.SmokeTesting">
        <test-method is-config="true" signature="setUp()[pri:0, instance:com.qa.testcases.SmokeTesting@636be97c]" started-at="2023-07-25T22:09:22 IST" name="setUp" finished-at="2023-07-25T22:09:23 IST" duration-ms="783" status="PASS">
          <reporter-output>
          </reporter-output>
        </test-method> <!-- setUp -->
        <test-method signature="smokeTest()[pri:1, instance:com.qa.testcases.SmokeTesting@636be97c]" started-at="2023-07-25T22:09:23 IST" name="smokeTest" finished-at="2023-07-25T22:09:32 IST" duration-ms="9922" status="PASS">
          <reporter-output>
          </reporter-output>
        </test-method> <!-- smokeTest -->
        <test-method signature="openLinkedIn()[pri:2, instance:com.qa.testcases.SmokeTesting@636be97c]" started-at="2023-07-25T22:09:32 IST" name="openLinkedIn" finished-at="2023-07-25T22:09:33 IST" duration-ms="192" status="PASS">
          <reporter-output>
          </reporter-output>
        </test-method> <!-- openLinkedIn -->
        <test-method is-config="true" signature="tearDown()[pri:0, instance:com.qa.testcases.SmokeTesting@636be97c]" started-at="2023-07-25T22:09:33 IST" name="tearDown" finished-at="2023-07-25T22:09:33 IST" duration-ms="147" status="PASS">
          <reporter-output>
          </reporter-output>
        </test-method> <!-- tearDown -->
      </class> <!-- com.qa.testcases.SmokeTesting -->
    </test> <!-- Home Page Test -->
  </suite> <!-- Functionality Test -->
</testng-results>
