<?xml version="1.0" encoding="UTF-8"?>
<testng-results ignored="0" total="5" passed="5" failed="0" skipped="0">
  <reporter-output>
  </reporter-output>
  <suite started-at="2023-07-27T11:13:25 IST" name="Functionality Test" finished-at="2023-07-27T11:14:22 IST" duration-ms="56766">
    <groups>
    </groups>
    <test started-at="2023-07-27T11:13:25 IST" name="Home Page Test" finished-at="2023-07-27T11:14:22 IST" duration-ms="56766">
      <class name="com.qa.testcases.HomePageTest">
        <test-method is-config="true" signature="setUp()[pri:0, instance:com.qa.testcases.HomePageTest@31d7b7bf]" started-at="2023-07-27T11:13:25 IST" name="setUp" finished-at="2023-07-27T11:13:27 IST" duration-ms="1206" status="PASS">
          <reporter-output>
          </reporter-output>
        </test-method> <!-- setUp -->
        <test-method signature="launchFloc()[pri:1, instance:com.qa.testcases.HomePageTest@31d7b7bf]" started-at="2023-07-27T11:13:27 IST" name="launchFloc" finished-at="2023-07-27T11:13:29 IST" duration-ms="2340" status="PASS">
          <reporter-output>
          </reporter-output>
        </test-method> <!-- launchFloc -->
        <test-method signature="menuTest()[pri:2, instance:com.qa.testcases.HomePageTest@31d7b7bf]" started-at="2023-07-27T11:13:29 IST" name="menuTest" finished-at="2023-07-27T11:13:38 IST" duration-ms="8722" status="PASS">
          <reporter-output>
          </reporter-output>
        </test-method> <!-- menuTest -->
        <test-method signature="downloadAppTest()[pri:3, instance:com.qa.testcases.HomePageTest@31d7b7bf]" started-at="2023-07-27T11:13:38 IST" name="downloadAppTest" finished-at="2023-07-27T11:13:42 IST" duration-ms="3955" status="PASS">
          <reporter-output>
          </reporter-output>
        </test-method> <!-- downloadAppTest -->
        <test-method is-config="true" signature="tearDown()[pri:0, instance:com.qa.testcases.HomePageTest@31d7b7bf]" started-at="2023-07-27T11:13:42 IST" name="tearDown" finished-at="2023-07-27T11:13:42 IST" duration-ms="214" status="PASS">
          <reporter-output>
          </reporter-output>
        </test-method> <!-- tearDown -->
      </class> <!-- com.qa.testcases.HomePageTest -->
      <class name="com.qa.testcases.ExternalLinkTest">
        <test-method is-config="true" signature="setUp()[pri:0, instance:com.qa.testcases.ExternalLinkTest@1817d444]" started-at="2023-07-27T11:13:51 IST" name="setUp" finished-at="2023-07-27T11:13:52 IST" duration-ms="815" status="PASS">
          <reporter-output>
          </reporter-output>
        </test-method> <!-- setUp -->
        <test-method signature="privacyPolicies()[pri:1, instance:com.qa.testcases.ExternalLinkTest@1817d444]" started-at="2023-07-27T11:13:52 IST" name="privacyPolicies" finished-at="2023-07-27T11:14:22 IST" duration-ms="29882" status="PASS">
          <reporter-output>
          </reporter-output>
        </test-method> <!-- privacyPolicies -->
        <test-method is-config="true" signature="tearDown()[pri:0, instance:com.qa.testcases.ExternalLinkTest@1817d444]" started-at="2023-07-27T11:14:22 IST" name="tearDown" finished-at="2023-07-27T11:14:22 IST" duration-ms="193" status="PASS">
          <reporter-output>
          </reporter-output>
        </test-method> <!-- tearDown -->
      </class> <!-- com.qa.testcases.ExternalLinkTest -->
      <class name="com.qa.testcases.SmokeTesting">
        <test-method is-config="true" signature="setUp()[pri:0, instance:com.qa.testcases.SmokeTesting@50a638b5]" started-at="2023-07-27T11:13:42 IST" name="setUp" finished-at="2023-07-27T11:13:43 IST" duration-ms="1000" status="PASS">
          <reporter-output>
          </reporter-output>
        </test-method> <!-- setUp -->
        <test-method signature="smokeTest()[pri:1, instance:com.qa.testcases.SmokeTesting@50a638b5]" started-at="2023-07-27T11:13:43 IST" name="smokeTest" finished-at="2023-07-27T11:13:51 IST" duration-ms="8216" status="PASS">
          <reporter-output>
          </reporter-output>
        </test-method> <!-- smokeTest -->
        <test-method is-config="true" signature="tearDown()[pri:0, instance:com.qa.testcases.SmokeTesting@50a638b5]" started-at="2023-07-27T11:13:51 IST" name="tearDown" finished-at="2023-07-27T11:13:51 IST" duration-ms="183" status="PASS">
          <reporter-output>
          </reporter-output>
        </test-method> <!-- tearDown -->
      </class> <!-- com.qa.testcases.SmokeTesting -->
    </test> <!-- Home Page Test -->
  </suite> <!-- Functionality Test -->
</testng-results>
