<?xml version="1.0" encoding="UTF-8"?>
<!-- Generated by org.testng.reporters.JUnitXMLReporter -->
<testsuite ignored="0" hostname="LAPTOP-NHIRK0VI" failures="0" tests="5" name="Home Page Test" time="29.233" errors="0" timestamp="2023-07-25T22:09:33 IST">
  <testcase classname="com.qa.testcases.HomePageTest" name="launchFloc" time="4.537"/>
  <testcase classname="com.qa.testcases.HomePageTest" name="menuTest" time="8.033"/>
  <testcase classname="com.qa.testcases.HomePageTest" name="downloadAppTest" time="3.968"/>
  <testcase classname="com.qa.testcases.SmokeTesting" name="smokeTest" time="9.922"/>
  <testcase classname="com.qa.testcases.SmokeTesting" name="openLinkedIn" time="0.192"/>
</testsuite> <!-- Home Page Test -->
